<?xml version="1.0" encoding="UTF-8"?>
<!-- Generated by org.testng.reporters.JUnitReportReporter -->
<testsuite hostname="LAPTOP-SS0O2J99" failures="0" tests="1" name="BasicTextScript.ToVerifyHomePageTest2" time="22.595" errors="0" timestamp="2023-01-05T16:57:13 IST" skipped="0">
  <testcase classname="BasicTextScript.ToVerifyHomePageTest2" name="toVerifyHomePageTest" time="22.595"/>
  <system-out/>
</testsuite> <!-- BasicTextScript.ToVerifyHomePageTest2 -->
