<?xml version="1.0" encoding="UTF-8"?>
<!-- Generated by org.testng.reporters.JUnitReportReporter -->
<testsuite hostname="LAPTOP-SS0O2J99" failures="0" tests="5" name="testNG.InvocationCount" time="0.000" errors="0" timestamp="2023-01-06T09:18:33 IST" skipped="0">
  <testcase classname="testNG.InvocationCount" name="demoTest" time="0.000"/>
  <system-out/>
  <testcase classname="testNG.InvocationCount" name="demoTest" time="0.000"/>
  <system-out/>
  <testcase classname="testNG.InvocationCount" name="demoTest" time="0.000"/>
  <system-out/>
  <testcase classname="testNG.InvocationCount" name="demoTest" time="0.000"/>
  <system-out/>
  <testcase classname="testNG.InvocationCount" name="demoTest" time="0.000"/>
  <system-out/>
</testsuite> <!-- testNG.InvocationCount -->
