<?xml version="1.0" encoding="UTF-8"?>
<!-- Generated by org.testng.reporters.JUnitReportReporter -->
<testsuite hostname="LAPTOP-SS0O2J99" failures="0" tests="1" name="testNG.HardAssert2" time="0.009" errors="0" timestamp="2023-01-06T10:57:07 IST" skipped="0">
  <testcase classname="testNG.HardAssert2" name="demo" time="0.009"/>
  <system-out/>
</testsuite> <!-- testNG.HardAssert2 -->
