<?xml version="1.0" encoding="UTF-8"?>
<!-- Generated by org.testng.reporters.JUnitReportReporter -->
<testsuite hostname="LAPTOP-SS0O2J99" failures="0" tests="3" name="testNG.Test1" time="0.007" errors="0" timestamp="2023-01-06T09:18:33 IST" skipped="0">
  <testcase classname="testNG.Test1" name="hdemo" time="0.001"/>
  <system-out/>
  <testcase classname="testNG.Test1" name="gdemo" time="0.001"/>
  <system-out/>
  <testcase classname="testNG.Test1" name="Gdemo" time="0.005"/>
  <system-out/>
</testsuite> <!-- testNG.Test1 -->
