<?xml version="1.0" encoding="UTF-8"?>
<!-- Generated by org.testng.reporters.JUnitReportReporter -->
<testsuite hostname="LAPTOP-SS0O2J99" failures="0" tests="1" name="BasicTextScript.ToVerifyHomePageTest3" time="6.246" errors="0" timestamp="2023-01-10T21:20:48 IST" skipped="0">
  <testcase classname="BasicTextScript.ToVerifyHomePageTest3" name="toVerifyHomePageTest" time="6.246"/>
  <system-out/>
</testsuite> <!-- BasicTextScript.ToVerifyHomePageTest3 -->
