<?xml version="1.0" encoding="UTF-8"?>
<!-- Generated by org.testng.reporters.JUnitReportReporter -->
<testsuite hostname="LAPTOP-SS0O2J99" failures="0" tests="2" name="testNG.ClassE" time="8.929" errors="0" timestamp="2023-01-06T10:50:38 IST" skipped="0">
  <testcase classname="testNG.ClassE" name="demo" time="5.386"/>
  <system-out/>
  <testcase classname="testNG.ClassE" name="demo" time="3.543"/>
  <system-out/>
</testsuite> <!-- testNG.ClassE -->
