<?xml version="1.0" encoding="UTF-8"?>
<!-- Generated by org.testng.reporters.JUnitReportReporter -->
<testsuite hostname="LAPTOP-SS0O2J99" failures="0" tests="1" name="testNG.ClassD" time="1.211" errors="0" timestamp="2023-01-05T15:14:38 IST" skipped="0">
  <testcase classname="testNG.ClassD" name="demo2" time="1.211"/>
  <system-out/>
</testsuite> <!-- testNG.ClassD -->
