<?xml version="1.0" encoding="UTF-8"?>
<!-- Generated by org.testng.reporters.JUnitReportReporter -->
<testsuite hostname="LAPTOP-SS0O2J99" failures="0" tests="4" name="testNG.Priority" time="0.001" errors="0" timestamp="2023-01-06T09:18:33 IST" skipped="0">
  <testcase classname="testNG.Priority" name="ademo" time="0.001"/>
  <system-out/>
  <testcase classname="testNG.Priority" name="bdemo" time="0.000"/>
  <system-out/>
  <testcase classname="testNG.Priority" name="Ademo" time="0.000"/>
  <system-out/>
  <testcase classname="testNG.Priority" name="Bdemo" time="0.000"/>
  <system-out/>
</testsuite> <!-- testNG.Priority -->
