<?xml version="1.0" encoding="UTF-8"?>
<!-- Generated by org.testng.reporters.JUnitReportReporter -->
<testsuite hostname="LAPTOP-SS0O2J99" failures="0" tests="2" name="testNG.ClassB" time="0.007" errors="0" timestamp="2023-01-06T09:48:13 IST" skipped="0">
  <testcase classname="testNG.ClassB" name="logout" time="0.006"/>
  <system-out/>
  <testcase classname="testNG.ClassB" name="payment" time="0.001"/>
  <system-out/>
</testsuite> <!-- testNG.ClassB -->
